Running: C:\Xilinx\14.3\ISE_DS\ISE\bin\nt\unwrapped\fuse.exe -intstyle ise -incremental -lib secureip -o C:/Documents and Settings/Administrator/Desktop/fpga-lab/cosmiac labs/Lab-01/AND_2/XOR_4_XOR_4_sch_tb_isim_beh.exe -prj C:/Documents and Settings/Administrator/Desktop/fpga-lab/cosmiac labs/Lab-01/AND_2/XOR_4_XOR_4_sch_tb_beh.prj work.XOR_4_XOR_4_sch_tb 
ISim P.40xd (signature 0x8ef4fb42)
Number of CPUs detected in this system: 1
Turning on mult-threading, number of parallel sub-compilation jobs: 0 
Determining compilation order of HDL files
Parsing VHDL file "C:/Documents and Settings/Administrator/Desktop/fpga-lab/cosmiac labs/Lab-01/AND_2/XOR_4.vhf" into library work
Parsing VHDL file "C:/Documents and Settings/Administrator/Desktop/fpga-lab/cosmiac labs/Lab-01/AND_2/XOR4_tb.vhd" into library work
Starting static elaboration
Completed static elaboration
Fuse Memory Usage: 72872 KB
Fuse CPU Usage: 733 ms
Compiling package standard
Compiling package std_logic_1164
Compiling package numeric_std
Compiling package vcomponents
Compiling architecture xor2_v of entity XOR2 [xor2_default]
Compiling architecture behavioral of entity XOR_4 [xor_4_default]
Compiling architecture behavioral of entity xor_4_xor_4_sch_tb
Time Resolution for simulation is 1ps.
Compiled 9 VHDL Units
Built simulation executable C:/Documents and Settings/Administrator/Desktop/fpga-lab/cosmiac labs/Lab-01/AND_2/XOR_4_XOR_4_sch_tb_isim_beh.exe
Fuse Memory Usage: 88428 KB
Fuse CPU Usage: 999 ms
