Command line:
   XOR_4_XOR_4_sch_tb_isim_beh.exe
     -simmode  gui
     -simrunnum  0
     -socket  1267

Mon Dec 31 14:07:59 2012


 Elaboration Time: 0.0625 sec

 Current Memory Usage: 312.078 Meg

 Total Signals          : 46
 Total Nets             : 32
 Total Signal Drivers   : 7
 Total Blocks           : 8
 Total Primitive Blocks : 6
 Total Processes        : 7
 Total Traceable Variables  : 13
 Total Scalar Nets and Variables : 515
Total Line Count : 11

 Total Simulation Time: 0.125 sec

 Current Memory Usage: 312.078 Meg

Mon Dec 31 14:08:21 2012

