Release 12.1 - ngc2edif M.53d (nt)
Copyright (c) 1995-2010 Xilinx, Inc.  All rights reserved.
Reading design LED_DRIVER.ngc ...
WARNING:NetListWriters:298 - No output is written to LED_DRIVER.xncf, ignored.
Processing design ...
   Preping design's networks ...
   Preping design's macros ...
  finished :Prep
Writing EDIF netlist file LED_DRIVER.edif ...
ngc2edif: Total memory usage is 52748 kilobytes

Release 12.1 - ngc2edif M.53d (nt)
Copyright (c) 1995-2010 Xilinx, Inc.  All rights reserved.
Reading design LED_DRIVER.ngc ...
WARNING:NetListWriters:298 - No output is written to LED_DRIVER.xncf, ignored.
Processing design ...
   Preping design's networks ...
   Preping design's macros ...
  finished :Prep
Writing EDIF netlist file LED_DRIVER.edif ...
ngc2edif: Total memory usage is 53196 kilobytes

Release 12.1 - ngc2edif M.53d (nt)
Copyright (c) 1995-2010 Xilinx, Inc.  All rights reserved.
Reading design LED_DRIVER.ngc ...
WARNING:NetListWriters:298 - No output is written to LED_DRIVER.xncf, ignored.
Processing design ...
   Preping design's networks ...
   Preping design's macros ...
  finished :Prep
Writing EDIF netlist file LED_DRIVER.edif ...
ngc2edif: Total memory usage is 53004 kilobytes

Release 12.1 - ngc2edif M.53d (nt)
Copyright (c) 1995-2010 Xilinx, Inc.  All rights reserved.
Reading design LED_DRIVER.ngc ...
WARNING:NetListWriters:298 - No output is written to LED_DRIVER.xncf, ignored.
Processing design ...
   Preping design's networks ...
   Preping design's macros ...
  finished :Prep
Writing EDIF netlist file LED_DRIVER.edif ...
ngc2edif: Total memory usage is 52748 kilobytes

